<?xml version="1.0" encoding="UTF-8"?>
<testsuite xmlns:xsi="http://www.w3.org/2001/XMLSchema-instance" xsi:noNamespaceSchemaLocation="https://maven.apache.org/surefire/maven-surefire-plugin/xsd/surefire-test-report-3.0.xsd" version="3.0" name="com.example.SpringbootWebQuickstartApplicationTests" time="1.792" tests="1" errors="0" skipped="0" failures="0">
  <properties>
[...]
</properties>
  <testcase name="contextLoads" classname="com.example.SpringbootWebQuickstartApplicationTests" time="0.546">
    <system-out><![CDATA[19:30:52.455 [main] INFO org.springframework.test.context.support.AnnotationConfigContextLoaderUtils -- Could not detect default configuration classes for test class [com.example.SpringbootWebQuickstartApplicationTests]: SpringbootWebQuickstartApplicationTests does not declare any static, non-private, non-final, nested classes annotated with @Configuration.
19:30:52.522 [main] INFO org.springframework.boot.test.context.SpringBootTestContextBootstrapper -- Found @SpringBootConfiguration com.example.SpringbootWebQuickstartApplication for test class com.example.SpringbootWebQuickstartApplicationTests

  .   ____          _            __ _ _
 /\\ / ___'_ __ _ _(_)_ __  __ _ \ \ \ \
( ( )\___ | '_ | '_| | '_ \/ _` | \ \ \ \
 \\/  ___)| |_)| | | | | || (_| |  ) ) ) )
  '  |____| .__|_| |_|_| |_\__, | / / / /
 =========|_|==============|___/=/_/_/_/
 :: Spring Boot ::                (v3.2.0)

2023-12-13T19:30:52.766+08:00  INFO 9244 --- [           main] .SpringbootWebQuickstartApplicationTests : Starting SpringbootWebQuickstartApplicationTests using Java 17.0.1 with PID 9244 (started by 杨帆 in D:\IdeaProjects\web_project\springboot-web-quickstart)
2023-12-13T19:30:52.768+08:00  INFO 9244 --- [           main] .SpringbootWebQuickstartApplicationTests : No active profile set, falling back to 1 default profile: "default"
2023-12-13T19:30:53.582+08:00  INFO 9244 --- [           main] .SpringbootWebQuickstartApplicationTests : Started SpringbootWebQuickstartApplicationTests in 0.967 seconds (process running for 1.541)
]]></system-out>
  </testcase>
</testsuite>